<?xml version="1.0" encoding="UTF-8"?>
<!-- Generated by org.testng.reporters.JUnitReportReporter -->
<testsuite hostname="EC2AMAZ-2NQ7CT2" name="example.NewTest" tests="1" failures="0" timestamp="27 Nov 2018 11:00:54 GMT" time="4.507" errors="0">
  <testcase name="test" time="4.507" classname="example.NewTest"/>
</testsuite> <!-- example.NewTest -->
