<?xml version="1.0" encoding="UTF-8"?>
<!-- Generated by org.testng.reporters.JUnitReportReporter -->
<testsuite hostname="DESKTOP-F4Q0HH1" name="example.Newtest" tests="1" failures="0" timestamp="24 Sep 2018 08:28:09 GMT" time="10.363" errors="0">
  <testcase name="test" time="10.363" classname="example.Newtest"/>
</testsuite> <!-- example.Newtest -->
