<?xml version="1.0" encoding="UTF-8"?>
<!-- Generated by org.testng.reporters.JUnitReportReporter -->
<testsuite hostname="DESKTOP-F4Q0HH1" name="example.Newtest" tests="1" failures="0" timestamp="25 Sep 2018 06:47:35 GMT" time="11.356" errors="0">
  <testcase name="test" time="11.356" classname="example.Newtest"/>
</testsuite> <!-- example.Newtest -->
